ERROR main com.dexels.replication.impl.json.ReplicationJSON - Error serializing replicationmessage NO_KEY_PRESENT columns: {amount=2.99, payment_id=32098, staff_id=2, customer_id=264, payment_date=1179150269996577, rental_id=14243}
java.lang.ClassCastException: java.lang.Double cannot be cast to java.lang.Long
	at com.dexels.replication.impl.json.ReplicationJSON.resolveValue(ReplicationJSON.java:123)
	at com.dexels.replication.impl.json.ReplicationJSON.appendImmutable(ReplicationJSON.java:405)
	at com.dexels.replication.impl.json.ReplicationJSON.toJSON(ReplicationJSON.java:268)
	at com.dexels.replication.impl.json.ReplicationJSON.jsonSerializer(ReplicationJSON.java:64)
	at com.dexels.replication.impl.json.ReplicationJSON.jsonSerializer(ReplicationJSON.java:54)
	at com.dexels.replication.impl.json.JSONReplicationMessageParserImpl.serialize(JSONReplicationMessageParserImpl.java:140)
	at com.dexels.replication.impl.ReplicationImmutableMessageImpl.toBytes(ReplicationImmutableMessageImpl.java:108)
	at com.dexels.kafka.streams.processor.generic.TestJsonDebeziumTransformation.testDecimal(TestJsonDebeziumTransformation.java:40)
	at sun.reflect.NativeMethodAccessorImpl.invoke0(Native Method)
	at sun.reflect.NativeMethodAccessorImpl.invoke(NativeMethodAccessorImpl.java:62)
	at sun.reflect.DelegatingMethodAccessorImpl.invoke(DelegatingMethodAccessorImpl.java:43)
	at java.lang.reflect.Method.invoke(Method.java:498)
	at org.junit.runners.model.FrameworkMethod$1.runReflectiveCall(FrameworkMethod.java:50)
	at org.junit.internal.runners.model.ReflectiveCallable.run(ReflectiveCallable.java:12)
	at org.junit.runners.model.FrameworkMethod.invokeExplosively(FrameworkMethod.java:47)
	at org.junit.internal.runners.statements.InvokeMethod.evaluate(InvokeMethod.java:17)
	at org.junit.runners.ParentRunner.runLeaf(ParentRunner.java:325)
	at org.junit.runners.BlockJUnit4ClassRunner.runChild(BlockJUnit4ClassRunner.java:78)
	at org.junit.runners.BlockJUnit4ClassRunner.runChild(BlockJUnit4ClassRunner.java:57)
	at org.junit.runners.ParentRunner$3.run(ParentRunner.java:290)
	at org.junit.runners.ParentRunner$1.schedule(ParentRunner.java:71)
	at org.junit.runners.ParentRunner.runChildren(ParentRunner.java:288)
	at org.junit.runners.ParentRunner.access$000(ParentRunner.java:58)
	at org.junit.runners.ParentRunner$2.evaluate(ParentRunner.java:268)
	at org.junit.runners.ParentRunner.run(ParentRunner.java:363)
	at org.eclipse.jdt.internal.junit4.runner.JUnit4TestReference.run(JUnit4TestReference.java:89)
	at org.eclipse.jdt.internal.junit.runner.TestExecution.run(TestExecution.java:41)
	at org.eclipse.jdt.internal.junit.runner.RemoteTestRunner.runTests(RemoteTestRunner.java:542)
	at org.eclipse.jdt.internal.junit.runner.RemoteTestRunner.runTests(RemoteTestRunner.java:770)
	at org.eclipse.jdt.internal.junit.runner.RemoteTestRunner.run(RemoteTestRunner.java:464)
	at org.eclipse.jdt.internal.junit.runner.RemoteTestRunner.main(RemoteTestRunner.java:210)
ERROR main com.dexels.replication.impl.json.ReplicationJSON - Error serializing replicationmessage NO_KEY_PRESENT columns: {amount=2.99, payment_id=32098, staff_id=2, customer_id=264, payment_date=1179150269996577, rental_id=14243}
java.lang.ClassCastException: java.lang.Double cannot be cast to java.lang.Long
	at com.dexels.replication.impl.json.ReplicationJSON.resolveValue(ReplicationJSON.java:123)
	at com.dexels.replication.impl.json.ReplicationJSON.appendImmutable(ReplicationJSON.java:405)
	at com.dexels.replication.impl.json.ReplicationJSON.toJSON(ReplicationJSON.java:268)
	at com.dexels.replication.impl.json.ReplicationJSON.jsonSerializer(ReplicationJSON.java:64)
	at com.dexels.replication.impl.json.ReplicationJSON.jsonSerializer(ReplicationJSON.java:54)
	at com.dexels.replication.impl.json.JSONReplicationMessageParserImpl.serialize(JSONReplicationMessageParserImpl.java:140)
	at com.dexels.replication.impl.ReplicationImmutableMessageImpl.toBytes(ReplicationImmutableMessageImpl.java:108)
	at com.dexels.kafka.streams.processor.generic.TestJsonDebeziumTransformation.testDecimal(TestJsonDebeziumTransformation.java:40)
	at sun.reflect.NativeMethodAccessorImpl.invoke0(Native Method)
	at sun.reflect.NativeMethodAccessorImpl.invoke(NativeMethodAccessorImpl.java:62)
	at sun.reflect.DelegatingMethodAccessorImpl.invoke(DelegatingMethodAccessorImpl.java:43)
	at java.lang.reflect.Method.invoke(Method.java:498)
	at org.junit.runners.model.FrameworkMethod$1.runReflectiveCall(FrameworkMethod.java:50)
	at org.junit.internal.runners.model.ReflectiveCallable.run(ReflectiveCallable.java:12)
	at org.junit.runners.model.FrameworkMethod.invokeExplosively(FrameworkMethod.java:47)
	at org.junit.internal.runners.statements.InvokeMethod.evaluate(InvokeMethod.java:17)
	at org.junit.runners.ParentRunner.runLeaf(ParentRunner.java:325)
	at org.junit.runners.BlockJUnit4ClassRunner.runChild(BlockJUnit4ClassRunner.java:78)
	at org.junit.runners.BlockJUnit4ClassRunner.runChild(BlockJUnit4ClassRunner.java:57)
	at org.junit.runners.ParentRunner$3.run(ParentRunner.java:290)
	at org.junit.runners.ParentRunner$1.schedule(ParentRunner.java:71)
	at org.junit.runners.ParentRunner.runChildren(ParentRunner.java:288)
	at org.junit.runners.ParentRunner.access$000(ParentRunner.java:58)
	at org.junit.runners.ParentRunner$2.evaluate(ParentRunner.java:268)
	at org.junit.runners.ParentRunner.run(ParentRunner.java:363)
	at org.eclipse.jdt.internal.junit4.runner.JUnit4TestReference.run(JUnit4TestReference.java:89)
	at org.eclipse.jdt.internal.junit.runner.TestExecution.run(TestExecution.java:41)
	at org.eclipse.jdt.internal.junit.runner.RemoteTestRunner.runTests(RemoteTestRunner.java:542)
	at org.eclipse.jdt.internal.junit.runner.RemoteTestRunner.runTests(RemoteTestRunner.java:770)
	at org.eclipse.jdt.internal.junit.runner.RemoteTestRunner.run(RemoteTestRunner.java:464)
	at org.eclipse.jdt.internal.junit.runner.RemoteTestRunner.main(RemoteTestRunner.java:210)
